0 verbose cli /usr/bin/node /usr/bin/npm
1 info using npm@10.9.2
2 info using node@v22.15.0
3 silly config load:file:/usr/lib/node_modules/npm/npmrc
4 silly config load:file:/home/ec2-user/e-ticaret-aws-projesi/.npmrc
5 silly config load:file:/home/ec2-user/.npmrc
6 silly config load:file:/usr/etc/npmrc
7 verbose title npm install
8 verbose argv "install"
9 verbose logfile logs-max:10 dir:/home/ec2-user/.npm/_logs/2025-05-12T01_19_32_613Z-
10 verbose logfile /home/ec2-user/.npm/_logs/2025-05-12T01_19_32_613Z-debug-0.log
11 silly logfile done cleaning log files
12 silly packumentCache heap:510394368 maxSize:127598592 maxEntrySize:63799296
13 silly idealTree buildDeps
14 silly reify moves {}
15 verbose stack Error: Could not read package.json: Error: ENOENT: no such file or directory, open '/home/ec2-user/e-ticaret-aws-projesi/package.json'
15 verbose stack     at async open (node:internal/fs/promises:633:25)
15 verbose stack     at async readFile (node:internal/fs/promises:1237:14)
15 verbose stack     at async read (/usr/lib/node_modules/npm/node_modules/@npmcli/package-json/lib/read-package.js:9:18)
15 verbose stack     at async PackageJson.load (/usr/lib/node_modules/npm/node_modules/@npmcli/package-json/lib/index.js:131:31)
15 verbose stack     at async PackageJson.normalize (/usr/lib/node_modules/npm/node_modules/@npmcli/package-json/lib/index.js:117:5)
15 verbose stack     at async runScript (/usr/lib/node_modules/npm/node_modules/@npmcli/run-script/lib/run-script.js:11:28)
15 verbose stack     at async Install.exec (/usr/lib/node_modules/npm/lib/commands/install.js:163:9)
15 verbose stack     at async Npm.exec (/usr/lib/node_modules/npm/lib/npm.js:207:9)
15 verbose stack     at async module.exports (/usr/lib/node_modules/npm/lib/cli/entry.js:74:5)
16 error code ENOENT
17 error syscall open
18 error path /home/ec2-user/e-ticaret-aws-projesi/package.json
19 error errno -2
20 error enoent Could not read package.json: Error: ENOENT: no such file or directory, open '/home/ec2-user/e-ticaret-aws-projesi/package.json'
21 error enoent This is related to npm not being able to find a file.
21 error enoent
22 verbose cwd /home/ec2-user/e-ticaret-aws-projesi
23 verbose os Linux 6.1.134-150.224.amzn2023.x86_64
24 verbose node v22.15.0
25 verbose npm  v10.9.2
26 verbose exit -2
27 verbose code -2
28 error A complete log of this run can be found in: /home/ec2-user/.npm/_logs/2025-05-12T01_19_32_613Z-debug-0.log
