0 verbose cli /usr/bin/node /usr/bin/npm
1 info using npm@10.9.2
2 info using node@v22.15.0
3 silly config load:file:/usr/lib/node_modules/npm/npmrc
4 silly config load:file:/home/ec2-user/.npmrc
5 silly config load:file:/usr/etc/npmrc
6 verbose title npm install
7 verbose argv "install"
8 verbose logfile logs-max:10 dir:/home/ec2-user/.npm/_logs/2025-05-12T01_18_25_128Z-
9 verbose logfile /home/ec2-user/.npm/_logs/2025-05-12T01_18_25_128Z-debug-0.log
10 silly logfile done cleaning log files
11 silly packumentCache heap:510394368 maxSize:127598592 maxEntrySize:63799296
12 silly idealTree buildDeps
13 silly reify moves {}
14 verbose stack Error: Could not read package.json: Error: ENOENT: no such file or directory, open '/home/ec2-user/package.json'
14 verbose stack     at async open (node:internal/fs/promises:633:25)
14 verbose stack     at async readFile (node:internal/fs/promises:1237:14)
14 verbose stack     at async read (/usr/lib/node_modules/npm/node_modules/@npmcli/package-json/lib/read-package.js:9:18)
14 verbose stack     at async PackageJson.load (/usr/lib/node_modules/npm/node_modules/@npmcli/package-json/lib/index.js:131:31)
14 verbose stack     at async PackageJson.normalize (/usr/lib/node_modules/npm/node_modules/@npmcli/package-json/lib/index.js:117:5)
14 verbose stack     at async runScript (/usr/lib/node_modules/npm/node_modules/@npmcli/run-script/lib/run-script.js:11:28)
14 verbose stack     at async Install.exec (/usr/lib/node_modules/npm/lib/commands/install.js:163:9)
14 verbose stack     at async Npm.exec (/usr/lib/node_modules/npm/lib/npm.js:207:9)
14 verbose stack     at async module.exports (/usr/lib/node_modules/npm/lib/cli/entry.js:74:5)
15 error code ENOENT
16 error syscall open
17 error path /home/ec2-user/package.json
18 error errno -2
19 error enoent Could not read package.json: Error: ENOENT: no such file or directory, open '/home/ec2-user/package.json'
20 error enoent This is related to npm not being able to find a file.
20 error enoent
21 verbose cwd /home/ec2-user
22 verbose os Linux 6.1.134-150.224.amzn2023.x86_64
23 verbose node v22.15.0
24 verbose npm  v10.9.2
25 verbose exit -2
26 verbose code -2
27 error A complete log of this run can be found in: /home/ec2-user/.npm/_logs/2025-05-12T01_18_25_128Z-debug-0.log
